<?xml version="1.0" encoding="UTF-8" ?>
<testsuite tests="58" failures="0" name="com.executor.TestRunner" time="0.003" errors="0" skipped="0">
  <properties>
    <property name="java.runtime.name" value="Java(TM) SE Runtime Environment"/>
    <property name="sun.boot.library.path" value="C:\Program Files\Java\jdk1.8.0_161\jre\bin"/>
    <property name="java.vm.version" value="25.161-b12"/>
    <property name="java.vm.vendor" value="Oracle Corporation"/>
    <property name="maven.multiModuleProjectDirectory" value="D:\java-workspace\TetraMaveenProject"/>
    <property name="java.vendor.url" value="http://java.oracle.com/"/>
    <property name="path.separator" value=";"/>
    <property name="guice.disable.misplaced.annotation.check" value="true"/>
    <property name="java.vm.name" value="Java HotSpot(TM) 64-Bit Server VM"/>
    <property name="file.encoding.pkg" value="sun.io"/>
    <property name="user.script" value=""/>
    <property name="user.country" value="IN"/>
    <property name="sun.java.launcher" value="SUN_STANDARD"/>
    <property name="sun.os.patch.level" value=""/>
    <property name="java.vm.specification.name" value="Java Virtual Machine Specification"/>
    <property name="user.dir" value="D:\java-workspace\TetraMaveenProject"/>
    <property name="java.runtime.version" value="1.8.0_161-b12"/>
    <property name="java.awt.graphicsenv" value="sun.awt.Win32GraphicsEnvironment"/>
    <property name="java.endorsed.dirs" value="C:\Program Files\Java\jdk1.8.0_161\jre\lib\endorsed"/>
    <property name="os.arch" value="amd64"/>
    <property name="java.io.tmpdir" value="C:\Users\DREAMB~1\AppData\Local\Temp\"/>
    <property name="line.separator" value="
"/>
    <property name="java.vm.specification.vendor" value="Oracle Corporation"/>
    <property name="user.variant" value=""/>
    <property name="os.name" value="Windows 10"/>
    <property name="classworlds.conf" value="D:\java-workspace\.metadata\.plugins\org.eclipse.m2e.launching\launches\m2conf7335905229114204623.tmp"/>
    <property name="sun.jnu.encoding" value="Cp1252"/>
    <property name="java.library.path" value="C:\Program Files\Java\jdk1.8.0_161\bin;C:\WINDOWS\Sun\Java\bin;C:\WINDOWS\system32;C:\WINDOWS;C:/Program Files/Java/jre1.8.0_161/bin/server;C:/Program Files/Java/jre1.8.0_161/bin;C:/Program Files/Java/jre1.8.0_161/lib/amd64;C:\ProgramData\Oracle\Java\javapath;C:\WINDOWS\system32;C:\WINDOWS;C:\WINDOWS\System32\Wbem;C:\WINDOWS\System32\WindowsPowerShell\v1.0\;C:\Program Files\Java\jdk1.8.0_161\bin;C:\maven-3.5\bin;C:\Program Files\nodejs\;C:\Python27;C:\Python27\Scripts;C:\Program Files\Git\cmd;C:\Ruby24\bin;C:\Ruby24\bin;C:\Users\Amit Dewan\AppData\Local\Microsoft\WindowsApps;C:\Users\Amit Dewan\AppData\Roaming\npm;C:\Users\Amit Dewan\AppData\Local\atom\bin;C:\Users\DreamBook\AppData\Local\atom\bin;C:\Users\DreamBook\AppData\Local\GitHubDesktop\bin;C:\eclipse-oxygen;;."/>
    <property name="java.specification.name" value="Java Platform API Specification"/>
    <property name="java.class.version" value="52.0"/>
    <property name="sun.management.compiler" value="HotSpot 64-Bit Tiered Compilers"/>
    <property name="os.version" value="10.0"/>
    <property name="user.home" value="C:\Users\DreamBook"/>
    <property name="user.timezone" value="Asia/Calcutta"/>
    <property name="java.awt.printerjob" value="sun.awt.windows.WPrinterJob"/>
    <property name="java.specification.version" value="1.8"/>
    <property name="file.encoding" value="Cp1252"/>
    <property name="user.name" value="Amit Dewan"/>
    <property name="java.class.path" value="/C:/eclipse-oxygen/plugins/org.eclipse.m2e.maven.runtime_1.8.0.20160921-2001/jars/plexus-classworlds-2.5.2.jar"/>
    <property name="java.vm.specification.version" value="1.8"/>
    <property name="sun.arch.data.model" value="64"/>
    <property name="java.home" value="C:\Program Files\Java\jdk1.8.0_161\jre"/>
    <property name="sun.java.command" value="org.codehaus.plexus.classworlds.launcher.Launcher -B test"/>
    <property name="java.specification.vendor" value="Oracle Corporation"/>
    <property name="user.language" value="en"/>
    <property name="awt.toolkit" value="sun.awt.windows.WToolkit"/>
    <property name="java.vm.info" value="mixed mode"/>
    <property name="java.version" value="1.8.0_161"/>
    <property name="java.ext.dirs" value="C:\Program Files\Java\jdk1.8.0_161\jre\lib\ext;C:\WINDOWS\Sun\Java\lib\ext"/>
    <property name="sun.boot.class.path" value="C:\Program Files\Java\jdk1.8.0_161\jre\lib\resources.jar;C:\Program Files\Java\jdk1.8.0_161\jre\lib\rt.jar;C:\Program Files\Java\jdk1.8.0_161\jre\lib\sunrsasign.jar;C:\Program Files\Java\jdk1.8.0_161\jre\lib\jsse.jar;C:\Program Files\Java\jdk1.8.0_161\jre\lib\jce.jar;C:\Program Files\Java\jdk1.8.0_161\jre\lib\charsets.jar;C:\Program Files\Java\jdk1.8.0_161\jre\lib\jfr.jar;C:\Program Files\Java\jdk1.8.0_161\jre\classes"/>
    <property name="java.vendor" value="Oracle Corporation"/>
    <property name="maven.home" value="D:\java-workspace\TetraMaveenProject\EMBEDDED"/>
    <property name="file.separator" value="\"/>
    <property name="java.vendor.url.bug" value="http://bugreport.sun.com/bugreport/"/>
    <property name="sun.cpu.endian" value="little"/>
    <property name="sun.io.unicode.encoding" value="UnicodeLittle"/>
    <property name="sun.desktop" value="windows"/>
    <property name="sun.cpu.isalist" value="amd64"/>
  </properties>
  <testcase classname="| h2so4in2008@gmail.com | Qazplm123 |" name="Given I want to navigate to box website" time="0.002"/>
  <testcase classname="| h2so4in2008@gmail.com | Qazplm123 |" name="Then page with title &quot;Box | Login&quot; should open" time="0"/>
  <testcase classname="| h2so4in2008@gmail.com | Qazplm123 |" name="When user enter &quot;h2so4in2008@gmail.com&quot; username" time="0"/>
  <testcase classname="| h2so4in2008@gmail.com | Qazplm123 |" name="And Click on Next button" time="0"/>
  <testcase classname="| h2so4in2008@gmail.com | Qazplm123 |" name="Then User should be able to enter &quot;Qazplm123&quot; password" time="0"/>
  <testcase classname="| h2so4in2008@gmail.com | Qazplm123 |" name="And user clicks on login button" time="0"/>
  <testcase classname="| h2so4in2008@gmail.com | Qazplm123 |" name="Then page with title &quot;All Files | Powered By Box&quot; should open" time="0"/>
  <testcase classname="| h2so4in2008@gmail.com | Qazplm123 |" name="When user clicks on logout button" time="0"/>
  <testcase classname="| h2so4in2008@gmail.com | Qazplm123 |" name="Then page with title &quot;Box | Login&quot; should open" time="0"/>
  <testcase classname="| h2so4in2008@gmail.com | Qazplm123 |" name="| h2so4in2008@gmail.com | Qazplm123 |" time="0"/>
  <testcase classname="| nancydhingra131@gmail.com | nancy131 |" name="Given I want to navigate to box website" time="0"/>
  <testcase classname="| nancydhingra131@gmail.com | nancy131 |" name="Then page with title &quot;Box | Login&quot; should open" time="0"/>
  <testcase classname="| nancydhingra131@gmail.com | nancy131 |" name="When user enter &quot;nancydhingra131@gmail.com&quot; username" time="0"/>
  <testcase classname="| nancydhingra131@gmail.com | nancy131 |" name="And Click on Next button" time="0"/>
  <testcase classname="| nancydhingra131@gmail.com | nancy131 |" name="Then User should be able to enter &quot;nancy131&quot; password" time="0"/>
  <testcase classname="| nancydhingra131@gmail.com | nancy131 |" name="And user clicks on login button" time="0"/>
  <testcase classname="| nancydhingra131@gmail.com | nancy131 |" name="Then page with title &quot;All Files | Powered By Box&quot; should open" time="0"/>
  <testcase classname="| nancydhingra131@gmail.com | nancy131 |" name="When user clicks on logout button" time="0"/>
  <testcase classname="| nancydhingra131@gmail.com | nancy131 |" name="Then page with title &quot;Box | Login&quot; should open" time="0"/>
  <testcase classname="| nancydhingra131@gmail.com | nancy131 |" name="| nancydhingra131@gmail.com | nancy131 |" time="0.001"/>
  <testcase classname="| h2so4in2008@gmail.com | Qazplm123 |" name="Given I want to navigate to box website" time="0"/>
  <testcase classname="| h2so4in2008@gmail.com | Qazplm123 |" name="Then page with title &quot;Box | Login&quot; should open" time="0"/>
  <testcase classname="| h2so4in2008@gmail.com | Qazplm123 |" name="When user enter &quot;h2so4in2008@gmail.com&quot; username" time="0"/>
  <testcase classname="| h2so4in2008@gmail.com | Qazplm123 |" name="And Click on Next button" time="0"/>
  <testcase classname="| h2so4in2008@gmail.com | Qazplm123 |" name="Then User should be able to enter &quot;Qazplm123&quot; password" time="0"/>
  <testcase classname="| h2so4in2008@gmail.com | Qazplm123 |" name="And user clicks on login button" time="0"/>
  <testcase classname="| h2so4in2008@gmail.com | Qazplm123 |" name="Then page with title &quot;All Files | Powered By Box&quot; should open" time="0"/>
  <testcase classname="| h2so4in2008@gmail.com | Qazplm123 |" name="When click on new button" time="0"/>
  <testcase classname="| h2so4in2008@gmail.com | Qazplm123 |" name="And click on new folder link" time="0"/>
  <testcase classname="| h2so4in2008@gmail.com | Qazplm123 |" name="Then Create folder pop up should get open" time="0"/>
  <testcase classname="| h2so4in2008@gmail.com | Qazplm123 |" name="And enter folder name given below:" time="0"/>
  <testcase classname="| h2so4in2008@gmail.com | Qazplm123 |" name="And click on create folder button" time="0"/>
  <testcase classname="| h2so4in2008@gmail.com | Qazplm123 |" name="When select the newly created folder row" time="0"/>
  <testcase classname="| h2so4in2008@gmail.com | Qazplm123 |" name="And click on Trash link" time="0"/>
  <testcase classname="| h2so4in2008@gmail.com | Qazplm123 |" name="Then confirm popup should get displayed" time="0"/>
  <testcase classname="| h2so4in2008@gmail.com | Qazplm123 |" name="And click on ok button" time="0"/>
  <testcase classname="| h2so4in2008@gmail.com | Qazplm123 |" name="Then page with title &quot;All Files | Powered By Box&quot; should open" time="0"/>
  <testcase classname="| h2so4in2008@gmail.com | Qazplm123 |" name="When user clicks on logout button" time="0"/>
  <testcase classname="| h2so4in2008@gmail.com | Qazplm123 |" name="Then page with title &quot;Box | Login&quot; should open" time="0"/>
  <testcase classname="| h2so4in2008@gmail.com | Qazplm123 |" name="| h2so4in2008@gmail.com | Qazplm123 |" time="0"/>
  <testcase classname="| nancydhingra131@gmail.com | nancy131 |" name="Given I want to navigate to box website" time="0"/>
  <testcase classname="| nancydhingra131@gmail.com | nancy131 |" name="Then page with title &quot;Box | Login&quot; should open" time="0"/>
  <testcase classname="| nancydhingra131@gmail.com | nancy131 |" name="When user enter &quot;nancydhingra131@gmail.com&quot; username" time="0"/>
  <testcase classname="| nancydhingra131@gmail.com | nancy131 |" name="And Click on Next button" time="0"/>
  <testcase classname="| nancydhingra131@gmail.com | nancy131 |" name="Then User should be able to enter &quot;nancy131&quot; password" time="0"/>
  <testcase classname="| nancydhingra131@gmail.com | nancy131 |" name="And user clicks on login button" time="0"/>
  <testcase classname="| nancydhingra131@gmail.com | nancy131 |" name="Then page with title &quot;All Files | Powered By Box&quot; should open" time="0"/>
  <testcase classname="| nancydhingra131@gmail.com | nancy131 |" name="And click on foldername hyperlink" time="0"/>
  <testcase classname="| nancydhingra131@gmail.com | nancy131 |" name="Then page with title &quot;serious123 | Powered By Box&quot; should open" time="0"/>
  <testcase classname="| nancydhingra131@gmail.com | nancy131 |" name="And click on upload button" time="0"/>
  <testcase classname="| nancydhingra131@gmail.com | nancy131 |" name="And Check the confirmation popup displayed" time="0"/>
  <testcase classname="| nancydhingra131@gmail.com | nancy131 |" name="When select the newly created row" time="0"/>
  <testcase classname="| nancydhingra131@gmail.com | nancy131 |" name="And click on Trash link" time="0"/>
  <testcase classname="| nancydhingra131@gmail.com | nancy131 |" name="Then confirm popup should get displayed" time="0"/>
  <testcase classname="| nancydhingra131@gmail.com | nancy131 |" name="And click on ok button" time="0"/>
  <testcase classname="| nancydhingra131@gmail.com | nancy131 |" name="When user clicks on logout button" time="0"/>
  <testcase classname="| nancydhingra131@gmail.com | nancy131 |" name="Then page with title &quot;Box | Login&quot; should open" time="0"/>
  <testcase classname="| nancydhingra131@gmail.com | nancy131 |" name="| nancydhingra131@gmail.com | nancy131 |" time="0"/>
</testsuite>